[INFO] Scanning for projects...
[INFO] 
[INFO] -------------------< com.vnticket:vnticket-backend >--------------------
[INFO] Building vnticket-backend 0.0.1-SNAPSHOT
[INFO]   from pom.xml
[INFO] --------------------------------[ jar ]---------------------------------
[INFO] 
[INFO] >>> spring-boot:3.2.4:run (default-cli) > test-compile @ vnticket-backend >>>
[INFO] 
[INFO] --- resources:3.3.1:resources (default-resources) @ vnticket-backend ---
[INFO] Copying 1 resource from src\main\resources to target\classes
[INFO] Copying 0 resource from src\main\resources to target\classes
[INFO] 
[INFO] --- compiler:3.11.0:compile (default-compile) @ vnticket-backend ---
[INFO] Nothing to compile - all classes are up to date
[INFO] 
[INFO] --- resources:3.3.1:testResources (default-testResources) @ vnticket-backend ---
[INFO] skip non existing resourceDirectory D:\VNTicket\vnticket-backend\src\test\resources
[INFO] 
[INFO] --- compiler:3.11.0:testCompile (default-testCompile) @ vnticket-backend ---
[INFO] No sources to compile
[INFO] 
[INFO] <<< spring-boot:3.2.4:run (default-cli) < test-compile @ vnticket-backend <<<
[INFO] 
[INFO] 
[INFO] --- spring-boot:3.2.4:run (default-cli) @ vnticket-backend ---
[INFO] Attaching agents: []

  .   ____          _            __ _ _
 /\\ / ___'_ __ _ _(_)_ __  __ _ \ \ \ \
( ( )\___ | '_ | '_| | '_ \/ _` | \ \ \ \
 \\/  ___)| |_)| | | | | || (_| |  ) ) ) )
  '  |____| .__|_| |_|_| |_\__, | / / / /
 =========|_|==============|___/=/_/_/_/
 :: Spring Boot ::                (v3.2.4)

2026-03-03T13:49:33.759+07:00  INFO 2800 --- [vnticket-backend] [           main] com.vnticket.VnTicketApplication         : Starting VnTicketApplication using Java 17.0.9 with PID 2800 (D:\VNTicket\vnticket-backend\target\classes started by Admin in D:\VNTicket\vnticket-backend)
2026-03-03T13:49:33.762+07:00  INFO 2800 --- [vnticket-backend] [           main] com.vnticket.VnTicketApplication         : No active profile set, falling back to 1 default profile: "default"
2026-03-03T13:49:34.499+07:00  INFO 2800 --- [vnticket-backend] [           main] .s.d.r.c.RepositoryConfigurationDelegate : Bootstrapping Spring Data JPA repositories in DEFAULT mode.
2026-03-03T13:49:34.578+07:00  INFO 2800 --- [vnticket-backend] [           main] .s.d.r.c.RepositoryConfigurationDelegate : Finished Spring Data repository scanning in 68 ms. Found 5 JPA repository interfaces.
2026-03-03T13:49:35.246+07:00  INFO 2800 --- [vnticket-backend] [           main] o.s.b.w.embedded.tomcat.TomcatWebServer  : Tomcat initialized with port 8080 (http)
2026-03-03T13:49:35.269+07:00  INFO 2800 --- [vnticket-backend] [           main] o.apache.catalina.core.StandardService   : Starting service [Tomcat]
2026-03-03T13:49:35.270+07:00  INFO 2800 --- [vnticket-backend] [           main] o.apache.catalina.core.StandardEngine    : Starting Servlet engine: [Apache Tomcat/10.1.19]
2026-03-03T13:49:35.381+07:00  INFO 2800 --- [vnticket-backend] [           main] o.a.c.c.C.[Tomcat].[localhost].[/]       : Initializing Spring embedded WebApplicationContext
2026-03-03T13:49:35.384+07:00  INFO 2800 --- [vnticket-backend] [           main] w.s.c.ServletWebServerApplicationContext : Root WebApplicationContext: initialization completed in 1549 ms
2026-03-03T13:49:35.566+07:00  INFO 2800 --- [vnticket-backend] [           main] o.hibernate.jpa.internal.util.LogHelper  : HHH000204: Processing PersistenceUnitInfo [name: default]
2026-03-03T13:49:35.655+07:00  INFO 2800 --- [vnticket-backend] [           main] org.hibernate.Version                    : HHH000412: Hibernate ORM core version 6.4.4.Final
2026-03-03T13:49:35.716+07:00  INFO 2800 --- [vnticket-backend] [           main] o.h.c.internal.RegionFactoryInitiator    : HHH000026: Second-level cache disabled
2026-03-03T13:49:36.049+07:00  INFO 2800 --- [vnticket-backend] [           main] o.s.o.j.p.SpringPersistenceUnitInfo      : No LoadTimeWeaver setup: ignoring JPA class transformer
2026-03-03T13:49:36.079+07:00  INFO 2800 --- [vnticket-backend] [           main] com.zaxxer.hikari.HikariDataSource       : HikariPool-1 - Starting...
2026-03-03T13:49:36.323+07:00  INFO 2800 --- [vnticket-backend] [           main] com.zaxxer.hikari.pool.HikariPool        : HikariPool-1 - Added connection org.postgresql.jdbc.PgConnection@6684f7f2
2026-03-03T13:49:36.325+07:00  INFO 2800 --- [vnticket-backend] [           main] com.zaxxer.hikari.HikariDataSource       : HikariPool-1 - Start completed.
2026-03-03T13:49:36.395+07:00  WARN 2800 --- [vnticket-backend] [           main] org.hibernate.orm.deprecation            : HHH90000025: PostgreSQLDialect does not need to be specified explicitly using 'hibernate.dialect' (remove the property setting and it will be selected by default)
2026-03-03T13:49:37.428+07:00  INFO 2800 --- [vnticket-backend] [           main] o.h.e.t.j.p.i.JtaPlatformInitiator       : HHH000489: No JTA platform available (set 'hibernate.transaction.jta.platform' to enable JTA platform integration)
2026-03-03T13:49:37.595+07:00  INFO 2800 --- [vnticket-backend] [           main] j.LocalContainerEntityManagerFactoryBean : Initialized JPA EntityManagerFactory for persistence unit 'default'
2026-03-03T13:49:38.218+07:00  INFO 2800 --- [vnticket-backend] [           main] o.s.d.j.r.query.QueryEnhancerFactory     : Hibernate is in classpath; If applicable, HQL parser will be used.
2026-03-03T13:49:39.083+07:00  WARN 2800 --- [vnticket-backend] [           main] JpaBaseConfiguration$JpaWebConfiguration : spring.jpa.open-in-view is enabled by default. Therefore, database queries may be performed during view rendering. Explicitly configure spring.jpa.open-in-view to disable this warning
2026-03-03T13:49:39.652+07:00  INFO 2800 --- [vnticket-backend] [           main] o.s.s.web.DefaultSecurityFilterChain     : Will secure any request with [org.springframework.security.web.session.DisableEncodeUrlFilter@40597c95, org.springframework.security.web.context.request.async.WebAsyncManagerIntegrationFilter@7daecd21, org.springframework.security.web.context.SecurityContextHolderFilter@6ab4215d, org.springframework.security.web.header.HeaderWriterFilter@6fb9dab6, org.springframework.web.filter.CorsFilter@51ba8929, org.springframework.security.web.authentication.logout.LogoutFilter@544502d6, com.vnticket.security.jwt.AuthTokenFilter@7e27b77a, org.springframework.security.web.savedrequest.RequestCacheAwareFilter@5ed52389, org.springframework.security.web.servletapi.SecurityContextHolderAwareRequestFilter@59960ae9, org.springframework.security.web.authentication.AnonymousAuthenticationFilter@30b5225b, org.springframework.security.web.session.SessionManagementFilter@6b5ad1bb, org.springframework.security.web.access.ExceptionTranslationFilter@1acfb04c, org.springframework.security.web.access.intercept.AuthorizationFilter@19d483dc]
2026-03-03T13:49:40.350+07:00  WARN 2800 --- [vnticket-backend] [           main] ConfigServletWebServerApplicationContext : Exception encountered during context initialization - cancelling refresh attempt: org.springframework.context.ApplicationContextException: Failed to start bean 'webServerStartStop'
2026-03-03T13:49:40.353+07:00  INFO 2800 --- [vnticket-backend] [           main] j.LocalContainerEntityManagerFactoryBean : Closing JPA EntityManagerFactory for persistence unit 'default'
2026-03-03T13:49:40.355+07:00  INFO 2800 --- [vnticket-backend] [           main] com.zaxxer.hikari.HikariDataSource       : HikariPool-1 - Shutdown initiated...
2026-03-03T13:49:40.364+07:00  INFO 2800 --- [vnticket-backend] [           main] com.zaxxer.hikari.HikariDataSource       : HikariPool-1 - Shutdown completed.
2026-03-03T13:49:40.388+07:00  INFO 2800 --- [vnticket-backend] [           main] .s.b.a.l.ConditionEvaluationReportLogger : 

Error starting ApplicationContext. To display the condition evaluation report re-run your application with 'debug' enabled.
2026-03-03T13:49:40.413+07:00 ERROR 2800 --- [vnticket-backend] [           main] o.s.b.d.LoggingFailureAnalysisReporter   : 

***************************
APPLICATION FAILED TO START
***************************

Description:

Web server failed to start. Port 8080 was already in use.

Action:

Identify and stop the process that's listening on port 8080 or configure this application to listen on another port.

[INFO] ------------------------------------------------------------------------
[INFO] BUILD FAILURE
[INFO] ------------------------------------------------------------------------
[INFO] Total time:  9.699 s
[INFO] Finished at: 2026-03-03T13:49:40+07:00
[INFO] ------------------------------------------------------------------------
[ERROR] Failed to execute goal org.springframework.boot:spring-boot-maven-plugin:3.2.4:run (default-cli) on project vnticket-backend: Process terminated with exit code: 1 -> [Help 1]
[ERROR] 
[ERROR] To see the full stack trace of the errors, re-run Maven with the -e switch.
[ERROR] Re-run Maven using the -X switch to enable full debug logging.
[ERROR] 
[ERROR] For more information about the errors and possible solutions, please read the following articles:
[ERROR] [Help 1] http://cwiki.apache.org/confluence/display/MAVEN/MojoExecutionException
