[INFO] Scanning for projects...
[INFO] 
[INFO] -------------------< com.vnticket:vnticket-backend >--------------------
[INFO] Building vnticket-backend 0.0.1-SNAPSHOT
[INFO]   from pom.xml
[INFO] --------------------------------[ jar ]---------------------------------
[INFO] 
[INFO] --- resources:3.3.1:resources (default-resources) @ vnticket-backend ---
[INFO] Copying 1 resource from src\main\resources to target\classes
[INFO] Copying 0 resource from src\main\resources to target\classes
[INFO] 
[INFO] --- compiler:3.11.0:compile (default-compile) @ vnticket-backend ---
[INFO] Changes detected - recompiling the module! :source
[INFO] Compiling 37 source files with javac [debug release 17] to target\classes
[INFO] -------------------------------------------------------------
[WARNING] COMPILATION WARNING : 
[INFO] -------------------------------------------------------------
[WARNING] /D:/VNTicket/vnticket-backend/src/main/java/com/vnticket/dto/response/JwtResponse.java:[14,20] @Builder will ignore the initializing expression entirely. If you want the initializing expression to serve as default, add @Builder.Default. If it is not supposed to be settable during building, make the field final.
[INFO] 1 warning
[INFO] -------------------------------------------------------------
[INFO] -------------------------------------------------------------
[ERROR] COMPILATION ERROR : 
[INFO] -------------------------------------------------------------
[ERROR] /D:/VNTicket/vnticket-backend/src/main/java/com/vnticket/service/impl/BookingServiceImpl.java:[7,30] package com.vnticket.exception does not exist
[ERROR] /D:/VNTicket/vnticket-backend/src/main/java/com/vnticket/service/impl/BookingServiceImpl.java:[8,30] package com.vnticket.exception does not exist
[ERROR] /D:/VNTicket/vnticket-backend/src/main/java/com/vnticket/service/impl/AuthServiceImpl.java:[8,30] package com.vnticket.exception does not exist
[ERROR] /D:/VNTicket/vnticket-backend/src/main/java/com/vnticket/service/impl/EventServiceImpl.java:[7,30] package com.vnticket.exception does not exist
[INFO] 4 errors 
[INFO] -------------------------------------------------------------
[INFO] ------------------------------------------------------------------------
[INFO] BUILD FAILURE
[INFO] ------------------------------------------------------------------------
[INFO] Total time:  4.555 s
[INFO] Finished at: 2026-03-02T16:03:49+07:00
[INFO] ------------------------------------------------------------------------
[ERROR] Failed to execute goal org.apache.maven.plugins:maven-compiler-plugin:3.11.0:compile (default-compile) on project vnticket-backend: Compilation failure: Compilation failure: 
[ERROR] /D:/VNTicket/vnticket-backend/src/main/java/com/vnticket/service/impl/BookingServiceImpl.java:[7,30] package com.vnticket.exception does not exist
[ERROR] /D:/VNTicket/vnticket-backend/src/main/java/com/vnticket/service/impl/BookingServiceImpl.java:[8,30] package com.vnticket.exception does not exist
[ERROR] /D:/VNTicket/vnticket-backend/src/main/java/com/vnticket/service/impl/AuthServiceImpl.java:[8,30] package com.vnticket.exception does not exist
[ERROR] /D:/VNTicket/vnticket-backend/src/main/java/com/vnticket/service/impl/EventServiceImpl.java:[7,30] package com.vnticket.exception does not exist
[ERROR] -> [Help 1]
[ERROR] 
[ERROR] To see the full stack trace of the errors, re-run Maven with the -e switch.
[ERROR] Re-run Maven using the -X switch to enable full debug logging.
[ERROR] 
[ERROR] For more information about the errors and possible solutions, please read the following articles:
[ERROR] [Help 1] http://cwiki.apache.org/confluence/display/MAVEN/MojoFailureException
