[INFO] Scanning for projects...
[INFO] 
[INFO] -------------------< com.vnticket:vnticket-backend >--------------------
[INFO] Building vnticket-backend 0.0.1-SNAPSHOT
[INFO]   from pom.xml
[INFO] --------------------------------[ jar ]---------------------------------
[INFO] 
[INFO] --- clean:3.3.2:clean (default-clean) @ vnticket-backend ---
[INFO] Deleting D:\VNTicket\vnticket-backend\target
[INFO] 
[INFO] --- resources:3.3.1:resources (default-resources) @ vnticket-backend ---
[INFO] Copying 1 resource from src\main\resources to target\classes
[INFO] Copying 0 resource from src\main\resources to target\classes
[INFO] 
[INFO] --- compiler:3.11.0:compile (default-compile) @ vnticket-backend ---
[INFO] Changes detected - recompiling the module! :source
[INFO] Compiling 41 source files with javac [debug release 17] to target\classes
[INFO] ------------------------------------------------------------------------
[INFO] BUILD SUCCESS
[INFO] ------------------------------------------------------------------------
[INFO] Total time:  6.493 s
[INFO] Finished at: 2026-03-03T13:55:41+07:00
[INFO] ------------------------------------------------------------------------
